Arguments: 
  C:\Program Files\nodejs\node.exe C:\Program Files (x86)\Yarn\bin\yarn.js add --exact react react-dom react-scripts cra-template --cwd G:\Mit drev\Workspace\SKP-relateret\tjekind-php-cloud\tjekind-app

PATH: 
  C:\Users\Kaki\AppData\Local\Temp\yarn--1671564793554-0.8516858788722437;C:\Users\Kaki\AppData\Local\Yarn\Data\global\node_modules\.bin;C:\Users\Kaki\AppData\Local\Yarn\Data\link\node_modules\.bin;C:\Program Files\libexec\lib\node_modules\npm\bin\node-gyp-bin;C:\Program Files\lib\node_modules\npm\bin\node-gyp-bin;C:\Program Files\nodejs\node_modules\npm\bin\node-gyp-bin;C:\Program Files\Common Files\Oracle\Java\javapath;C:\Program Files (x86)\Common Files\Oracle\Java\javapath;C:\Windows\system32;C:\Windows;C:\Windows\System32\Wbem;C:\Windows\System32\WindowsPowerShell\v1.0\;C:\Windows\System32\OpenSSH\;C:\Program Files\doxygen\bin;C:\Program Files (x86)\Windows Kits\10\Windows Performance Toolkit\;C:\Program Files\Microsoft SQL Server\130\Tools\Binn\;C:\Program Files\Microsoft SQL Server\Client SDK\ODBC\170\Tools\Binn\;C:\Program Files (x86)\Microsoft SQL Server\150\Tools\Binn\;C:\Program Files\Microsoft SQL Server\150\Tools\Binn\;C:\Program Files\Microsoft SQL Server\150\DTS\Binn\;C:\Program Files\Microchip\xc8\v2.32\bin;C:\Program Files\Docker\Docker\resources\bin;C:\ProgramData\DockerDesktop\version-bin;C:\ProgramData\chocolatey\bin;C:\Bitnami\wampstack-8.0.12-0\php;C:\composer;C:\Program Files\nodejs\;C:\Program Files\dotnet\;C:\Program Files\Git\cmd;C:\Program Files (x86)\Yarn\bin\;C:\Users\Kaki\AppData\Local\Programs\Python\Python39\Scripts\;C:\Users\Kaki\AppData\Local\Programs\Python\Python39\;C:\Users\Kaki\AppData\Local\Microsoft\WindowsApps;C:\Users\Kaki\AppData\Local\Programs\Microsoft VS Code\bin;C:\Users\Kaki\AppData\Local\GitHubDesktop\bin;C:\Users\Kaki\.dotnet\tools;C:\Users\Kaki\AppData\Roaming\Composer\vendor\bin;C:\php;C:\Users\Kaki\.deno\bin;C:\Users\Kaki\AppData\Roaming\npm;C:\Users\Kaki\.dotnet\tools;C:\Users\Kaki\AppData\Local\JetBrains\Toolbox\scripts;C:\Users\Kaki\.dotnet\tools;C:\Users\Kaki\AppData\Local\Yarn\bin

Yarn version: 
  1.22.19

Node version: 
  16.14.2

Platform: 
  win32 x64

Trace: 
  Error: EEXIST: file already exists, mkdir 'G:\Mit drev\Workspace\SKP-relateret\tjekind-php-cloud\tjekind-app\node_modules\@babel'

npm manifest: 
  {
    "name": "tjekind-app",
    "version": "0.1.0",
    "private": true
  }

yarn manifest: 
  No manifest

Lockfile: 
  No lockfile
